<?xml version="1.0" encoding="UTF-8"?>
<!-- Generated by org.testng.reporters.JUnitXMLReporter -->
<testsuite ignored="0" hostname="Amirthavahini08" failures="2" tests="4" name="Cachrome Test" time="0.047" errors="0" timestamp="2025-04-29T16:30:05 IST">
  <testcase classname="com.testng.MyFirstTest" name="myName" time="0.011">
    <failure type="java.lang.AssertionError" message="expected [false] but found [true]">
      <![CDATA[java.lang.AssertionError: expected [false] but found [true]
at com.testng.MyFirstTest.myName(MyFirstTest.java:11)
at java.base/java.util.ArrayList.forEach(ArrayList.java:1511)
... Removed 29 stack frames]]>
    </failure>
  </testcase> <!-- myName -->
  <testcase classname="com.testng.MyFirstTest" name="myCity" time="0.002">
    <failure type="java.lang.AssertionError" message="expected [true] but found [false]">
      <![CDATA[java.lang.AssertionError: expected [true] but found [false]
at com.testng.MyFirstTest.myCity(MyFirstTest.java:18)
at java.base/java.util.ArrayList.forEach(ArrayList.java:1511)
... Removed 29 stack frames]]>
    </failure>
  </testcase> <!-- myCity -->
  <testcase classname="com.testng.MyFirstTest" name="myQualification" time="0.0">
    <skipped/>
  </testcase> <!-- myQualification -->
  <testcase classname="com.testng.MyFirstTest" name="nationality" time="0.001"/>
</testsuite> <!-- Cachrome Test -->
