<?xml version="1.0" encoding="UTF-8"?>
<testng-results ignored="0" total="2" passed="2" failed="0" skipped="0">
  <reporter-output>
  </reporter-output>
  <suite started-at="2025-05-02T09:01:36 IST" name="Suite" finished-at="2025-05-02T09:01:44 IST" duration-ms="8507">
    <groups>
    </groups>
    <test started-at="2025-05-02T09:01:36 IST" name="Test" finished-at="2025-05-02T09:01:44 IST" duration-ms="8507">
      <class name="com.testng.SampleLogic">
        <test-method is-config="true" signature="setUp()[pri:0, instance:com.testng.SampleLogic@4b14c583]" started-at="2025-05-02T09:01:36 IST" name="setUp" finished-at="2025-05-02T09:01:39 IST" duration-ms="3306" status="PASS">
          <reporter-output>
          </reporter-output>
        </test-method> <!-- setUp -->
        <test-method signature="LoginTest()[pri:0, instance:com.testng.SampleLogic@4b14c583]" started-at="2025-05-02T09:01:39 IST" name="LoginTest" finished-at="2025-05-02T09:01:44 IST" duration-ms="4766" status="PASS">
          <reporter-output>
          </reporter-output>
        </test-method> <!-- LoginTest -->
        <test-method is-config="true" signature="tearDown()[pri:0, instance:com.testng.SampleLogic@4b14c583]" started-at="2025-05-02T09:01:44 IST" name="tearDown" finished-at="2025-05-02T09:01:44 IST" duration-ms="246" status="PASS">
          <reporter-output>
          </reporter-output>
        </test-method> <!-- tearDown -->
      </class> <!-- com.testng.SampleLogic -->
      <class name="com.testng.AssertionsDemo">
        <test-method signature="myTest()[pri:0, instance:com.testng.AssertionsDemo@7f010382]" started-at="2025-05-02T09:01:36 IST" name="myTest" finished-at="2025-05-02T09:01:36 IST" duration-ms="11" status="PASS">
          <reporter-output>
          </reporter-output>
        </test-method> <!-- myTest -->
      </class> <!-- com.testng.AssertionsDemo -->
    </test> <!-- Test -->
  </suite> <!-- Suite -->
</testng-results>
