<?xml version="1.0" encoding="UTF-8"?>
<testng-results ignored="0" total="1" passed="1" failed="0" skipped="0">
  <reporter-output>
  </reporter-output>
  <suite started-at="2025-05-02T07:59:07 IST" name="Default suite" finished-at="2025-05-02T07:59:16 IST" duration-ms="8939">
    <groups>
    </groups>
    <test started-at="2025-05-02T07:59:07 IST" name="Default test" finished-at="2025-05-02T07:59:16 IST" duration-ms="8939">
      <class name="com.testng.SampleLogic">
        <test-method is-config="true" signature="setUp()[pri:0, instance:com.testng.SampleLogic@4d9e68d0]" started-at="2025-05-02T07:59:07 IST" name="setUp" finished-at="2025-05-02T07:59:11 IST" duration-ms="4062" status="PASS">
          <reporter-output>
          </reporter-output>
        </test-method> <!-- setUp -->
        <test-method signature="LoginTest()[pri:0, instance:com.testng.SampleLogic@4d9e68d0]" started-at="2025-05-02T07:59:11 IST" name="LoginTest" finished-at="2025-05-02T07:59:16 IST" duration-ms="4686" status="PASS">
          <reporter-output>
          </reporter-output>
        </test-method> <!-- LoginTest -->
        <test-method is-config="true" signature="tearDown()[pri:0, instance:com.testng.SampleLogic@4d9e68d0]" started-at="2025-05-02T07:59:16 IST" name="tearDown" finished-at="2025-05-02T07:59:16 IST" duration-ms="162" status="PASS">
          <reporter-output>
          </reporter-output>
        </test-method> <!-- tearDown -->
      </class> <!-- com.testng.SampleLogic -->
    </test> <!-- Default test -->
  </suite> <!-- Default suite -->
</testng-results>
